Case #1: 4 0
Case #2: 3 2
Case #3: 4 4
Case #4: 10 10
Case #5: 0 0
Case #6: 3 1
Case #7: 7 7
Case #8: 0 0
Case #9: 0 0
Case #10: 2 1
Case #11: 0 0
Case #12: 0 0
Case #13: 4 4
Case #14: 10 10
Case #15: 5 0
Case #16: 9 3
Case #17: 0 0
Case #18: 8 4
Case #19: 5 1
Case #20: 9 5
Case #21: 4 2
Case #22: 6 4
Case #23: 9 3
Case #24: 10 5
Case #25: 2 2
Case #26: 3 2
Case #27: 0 0
Case #28: 2 1
Case #29: 0 0
Case #30: 5 1
Case #31: 7 4
Case #32: 7 3
Case #33: 5 2
Case #34: 4 4
Case #35: 9 2
Case #36: 1 1
Case #37: 0 0
Case #38: 0 0
Case #39: 5 2
Case #40: 4 3
Case #41: 2 1
Case #42: 10 10
Case #43: 10 10
Case #44: 9 3
Case #45: 10 10
Case #46: 0 0
Case #47: 6 6
Case #48: 10 4
Case #49: 0 0
Case #50: 5 1
