Case #1: 8 8
Case #2: 7 4
Case #3: 4 4
Case #4: 2 1
Case #5: 5 2
Case #6: 5 5
Case #7: 2 2
Case #8: 1 1
Case #9: 10 10
Case #10: 2 1
Case #11: 7 2
Case #12: 7 4
Case #13: 10 10
Case #14: 0 0
Case #15: 5 2
Case #16: 8 2
Case #17: 3 1
Case #18: 9 3
Case #19: 0 0
Case #20: 8 4
Case #21: 6 2
Case #22: 0 0
Case #23: 1 1
Case #24: 3 0
Case #25: 6 2
Case #26: 0 0
Case #27: 10 10
Case #28: 0 0
Case #29: 1 1
Case #30: 0 0
Case #31: 0 0
Case #32: 7 2
Case #33: 9 4
Case #34: 3 0
Case #35: 3 1
Case #36: 3 0
Case #37: 7 3
Case #38: 0 0
Case #39: 4 2
Case #40: 0 0
Case #41: 10 6
Case #42: 5 3
Case #43: 4 0
Case #44: 2 1
Case #45: 3 0
Case #46: 2 2
Case #47: 0 0
Case #48: 7 2
Case #49: 7 3
Case #50: 7 4
