Case #1: 10 5
Case #2: 9 4
Case #3: 0 0
Case #4: 3 3
Case #5: 8 2
Case #6: 8 2
Case #7: 0 0
Case #8: 10 10
Case #9: 8 4
Case #10: 0 0
Case #11: 10 10
Case #12: 2 1
Case #13: 1 0
Case #14: 0 0
Case #15: 2 1
Case #16: 10 10
Case #17: 5 1
Case #18: 10 5
Case #19: 0 0
Case #20: 8 8
Case #21: 8 3
Case #22: 4 2
Case #23: 0 0
Case #24: 0 0
Case #25: 6 3
Case #26: 3 0
Case #27: 7 2
Case #28: 10 10
Case #29: 7 2
Case #30: 0 0
Case #31: 6 2
Case #32: 7 3
Case #33: 7 3
Case #34: 0 0
Case #35: 9 6
Case #36: 4 1
Case #37: 9 3
Case #38: 1 1
Case #39: 7 1
Case #40: 7 3
Case #41: 1 1
Case #42: 4 4
Case #43: 8 2
Case #44: 8 2
Case #45: 1 1
Case #46: 6 2
Case #47: 9 3
Case #48: 10 10
Case #49: 0 0
Case #50: 6 1
