0.06 : 0.89
0.13 : 0.86
0.17 : 0.84
0.27 : 0.21
0.32 : 0.43
0.49 : 0.44
0.51 : 0.59
0.56 : 0.67
0.9 : 0.71
0.98 : 0.76
Case #1: 4 2
0.1 : 0.86
0.12 : 0.84
0.16 : 0.66
0.26 : 0.2
0.38 : 0.4
0.52 : 0.42
0.7 : 0.44
0.74 : 0.54
0.9 : 0.64
Case #2: 5 1
0.4 : 0.3
0.45 : 0.5
Case #3: 1 1
0.077 : 0.904
0.269 : 0.26
0.317 : 0.279
0.404 : 0.375
0.413 : 0.481
0.538 : 0.587
0.548 : 0.683
0.567 : 0.702
0.808 : 0.779
0.933 : 0.817
Case #4: 5 1
0.056 : 0.991
0.065 : 0.869
0.168 : 0.794
0.215 : 0.785
0.308 : 0.776
0.383 : 0.766
0.402 : 0.757
0.458 : 0.682
0.598 : 0.673
0.617 : 0.636
Case #5: 0 0
0.37 : 0.26
0.46 : 0.6
0.49 : 0.94
Case #6: 1 1
0.54 : 0.06
0.57 : 0.11
0.6 : 0.17
0.69 : 0.2
0.71 : 0.29
0.77 : 0.34
0.8 : 0.37
0.89 : 0.46
0.94 : 0.49
0.97 : 0.51
Case #7: 10 10
0.05 : 0.9
0.13 : 0.06
0.31 : 0.15
0.34 : 0.16
0.48 : 0.81
0.92 : 0.87
Case #8: 4 1
0.09 : 0.06
0.22 : 0.12
0.25 : 0.16
0.34 : 0.19
0.41 : 0.28
0.44 : 0.31
0.5 : 0.38
0.53 : 0.59
0.78 : 0.75
0.94 : 0.81
Case #9: 9 3
0.12 : 0.84
0.37 : 0.79
0.63 : 0.4
0.98 : 0.42
Case #10: 2 1
0.57 : 0.14
0.64 : 0.21
0.71 : 0.36
0.86 : 0.43
Case #11: 4 4
0.02 : 0.94
0.17 : 0.93
0.25 : 0.21
0.32 : 0.22
0.43 : 0.31
0.45 : 0.46
0.71 : 0.48
0.78 : 0.57
0.82 : 0.75
0.84 : 0.85
Case #12: 6 0
0.1 : 0.4
Case #13: 0 0
0.02 : 0.69
0.03 : 0.68
0.05 : 0.65
0.14 : 0.06
0.31 : 0.18
0.62 : 0.46
0.78 : 0.52
0.89 : 0.54
Case #14: 5 2
0.23 : 0.16
0.42 : 0.29
0.52 : 0.48
0.65 : 0.61
Case #15: 4 1
0.13 : 0.07
0.2 : 0.1
0.23 : 0.17
0.27 : 0.37
0.4 : 0.47
0.6 : 0.53
0.63 : 0.7
0.67 : 0.87
0.83 : 0.93
Case #16: 4 2
0.11 : 0.86
0.22 : 0.19
0.36 : 0.27
0.39 : 0.31
0.41 : 0.34
0.78 : 0.38
0.84 : 0.73
Case #17: 6 2
0.17 : 0.09
0.22 : 0.3
0.26 : 0.48
0.35 : 0.78
0.43 : 0.83
0.52 : 0.96
Case #18: 1 1
0.458 : 0.008
0.508 : 0.033
0.533 : 0.1
0.567 : 0.175
0.583 : 0.217
0.717 : 0.325
0.725 : 0.342
0.783 : 0.4
0.85 : 0.417
0.917 : 0.433
Case #19: 10 10
0.6 : 0.2
0.9 : 0.3
Case #20: 2 2
0.02 : 0.76
0.13 : 0.75
0.15 : 0.73
0.18 : 0.55
0.24 : 0.45
0.33 : 0.35
Case #21: 0 0
0.139 : 0.056
0.213 : 0.111
0.222 : 0.12
0.231 : 0.185
0.63 : 0.259
0.759 : 0.454
0.815 : 0.509
0.852 : 0.574
0.861 : 0.611
0.88 : 0.787
Case #22: 10 5
0.06 : 0.92
0.08 : 0.89
0.19 : 0.83
0.28 : 0.25
0.31 : 0.36
0.47 : 0.39
0.5 : 0.42
0.64 : 0.53
0.75 : 0.72
0.97 : 0.81
Case #23: 6 1
0.03 : 0.95
0.12 : 0.08
0.25 : 0.13
0.28 : 0.4
0.32 : 0.45
0.55 : 0.48
0.63 : 0.5
0.82 : 0.57
0.88 : 0.72
Case #24: 6 1
0.12 : 0.62
0.69 : 0.19
0.88 : 0.25
0.94 : 0.5
Case #25: 3 3
0.01 : 0.96
0.08 : 0.95
0.13 : 0.92
0.14 : 0.88
0.25 : 0.84
0.29 : 0.82
0.47 : 0.78
0.57 : 0.76
0.58 : 0.67
0.61 : 0.63
Case #26: 0 0
0.03 : 0.97
0.04 : 0.94
0.06 : 0.93
0.09 : 0.91
0.18 : 0.84
0.19 : 0.82
0.25 : 0.81
0.4 : 0.78
0.66 : 0.72
0.67 : 0.7
Case #27: 0 0
0.07 : 0.03
0.14 : 0.24
0.17 : 0.38
0.28 : 0.55
0.31 : 0.66
0.41 : 0.69
0.48 : 0.72
0.59 : 0.83
0.79 : 0.86
0.9 : 0.93
Case #28: 1 1
0.01 : 0.95
0.04 : 0.93
0.05 : 0.88
0.07 : 0.86
0.08 : 0.79
0.2 : 0.78
0.24 : 0.62
0.26 : 0.46
0.28 : 0.44
0.35 : 0.36
Case #29: 0 0
0.24 : 0.12
0.35 : 0.18
0.53 : 0.71
Case #30: 2 2
0.7 : 0.3
0.8 : 0.4
0.9 : 0.6
Case #31: 3 3
0.18 : 0.82
0.27 : 0.32
Case #32: 0 0
0.39 : 0.07
0.48 : 0.09
0.59 : 0.17
0.7 : 0.2
0.85 : 0.37
Case #33: 5 5
0.02 : 0.46
0.08 : 0.4
0.32 : 0.12
0.74 : 0.14
0.94 : 0.16
Case #34: 3 2
0.4 : 0.9
0.6 : 0.7
Case #35: 0 0
0.11 : 0.95
0.42 : 0.26
0.47 : 0.53
0.74 : 0.68
0.89 : 0.79
Case #36: 3 0
0.03 : 0.92
0.08 : 0.07
0.13 : 0.1
0.15 : 0.24
0.26 : 0.36
0.32 : 0.53
0.46 : 0.87
Case #37: 2 0
0.23 : 0.02
0.24 : 0.06
0.33 : 0.08
0.35 : 0.09
0.52 : 0.27
0.58 : 0.29
0.59 : 0.44
0.65 : 0.55
0.7 : 0.83
0.97 : 0.86
Case #38: 9 4
0.4 : 0.2
0.8 : 0.6
Case #39: 2 1
0.9 : 0.6
Case #40: 1 1
0.03 : 0.97
0.08 : 0.92
0.09 : 0.82
0.18 : 0.8
0.22 : 0.71
0.23 : 0.69
0.48 : 0.63
Case #41: 0 0
0.1 : 0.4
Case #42: 0 0
0.02 : 0.98
0.33 : 0.09
0.61 : 0.57
0.67 : 0.65
0.7 : 0.83
0.76 : 0.89
0.78 : 0.93
Case #43: 3 0
0.13 : 0.07
0.29 : 0.14
0.49 : 0.22
0.51 : 0.33
0.59 : 0.43
0.64 : 0.73
0.71 : 0.85
0.9 : 0.86
0.92 : 0.93
0.97 : 0.99
Case #44: 6 3
0.56 : 0.08
0.64 : 0.28
0.72 : 0.36
0.92 : 0.52
Case #45: 4 4
0.05 : 0.95
0.21 : 0.11
0.26 : 0.32
0.63 : 0.37
0.74 : 0.53
0.84 : 0.58
0.89 : 0.79
Case #46: 5 2
0.62 : 0.15
0.65 : 0.19
0.73 : 0.23
0.77 : 0.31
0.81 : 0.38
0.88 : 0.42
0.92 : 0.5
0.96 : 0.58
Case #47: 8 8
0.13 : 0.94
0.17 : 0.87
0.32 : 0.28
0.38 : 0.3
0.4 : 0.62
0.42 : 0.64
0.47 : 0.66
0.53 : 0.7
0.68 : 0.79
0.98 : 0.85
Case #48: 3 1
0.16 : 0.95
0.21 : 0.79
0.47 : 0.32
0.53 : 0.37
0.84 : 0.58
0.89 : 0.68
Case #49: 4 1
0.02 : 0.98
0.05 : 0.95
0.19 : 0.93
0.26 : 0.88
0.28 : 0.74
0.3 : 0.68
0.33 : 0.67
0.39 : 0.61
0.44 : 0.54
0.47 : 0.53
Case #50: 0 0
