Case #1:
Impossible
Case #2:
Impossible
Case #3:
**.*
*...
*.c.
*...
Case #4:
Impossible
Case #5:
c.*
...
...
...
*.*
Case #6:
c..
...
..*
Case #7:
c..
...
...
...
Case #8:
Impossible
Case #9:
Impossible
Case #10:
Impossible
Case #11:
c.
..
..
..
Case #12:
*.c.*
....*
.....
....*
Case #13:
***
...
c..
...
***
Case #14:
Impossible
Case #15:
Impossible
Case #16:
Impossible
Case #17:
Impossible
Case #18:
*...*
..c..
.....
....*
**..*
Case #19:
Impossible
Case #20:
Impossible
Case #21:
*.c.*
Case #22:
*
.
c
.
Case #23:
Impossible
Case #24:
Impossible
Case #25:
Impossible
Case #26:
Impossible
Case #27:
****
*...
..c.
*...
****
Case #28:
*****
*...*
*.c.*
*...*
Case #29:
**.*
....
c...
....
Case #30:
**.**
*...*
*.c..
*...*
**.**
Case #31:
*.
..
c.
Case #32:
Impossible
Case #33:
*.
..
c.
..
Case #34:
*.c.*
.....
.....
.....
Case #35:
*.*
...
c..
...
Case #36:
Impossible
Case #37:
*.c.*
*....
Case #38:
*.c.*
.....
*...*
Case #39:
Impossible
Case #40:
Impossible
Case #41:
Impossible
Case #42:
Impossible
Case #43:
Impossible
Case #44:
c....
Case #45:
****
**..
*..c
*...
****
Case #46:
*...
..c.
....
....
*..*
Case #47:
c.*
...
..*
Case #48:
Impossible
Case #49:
*...
..c.
....
....
**.*
Case #50:
c.*
...
*.*
Case #51:
**.**
*...*
*.c.*
*...*
*****
Case #52:
Impossible
Case #53:
Impossible
Case #54:
*.c.*
.....
.....
....*
Case #55:
c..
...
...
...
...
Case #56:
Impossible
Case #57:
Impossible
Case #58:
c.*
...
...
...
..*
Case #59:
Impossible
Case #60:
*.c.
....
....
....
*...
Case #61:
*.
..
c.
..
*.
Case #62:
*.c.
*...
Case #63:
Impossible
Case #64:
*****
*...*
*.c.*
*...*
*****
Case #65:
c...
....
Case #66:
Impossible
Case #67:
Impossible
Case #68:
Impossible
Case #69:
Impossible
Case #70:
Impossible
Case #71:
*...*
..c..
.....
.....
**..*
Case #72:
Impossible
Case #73:
*.c.*
*...*
*...*
Case #74:
Impossible
Case #75:
Impossible
Case #76:
**..
...c
....
....
**.*
Case #77:
Impossible
Case #78:
Impossible
Case #79:
c...
Case #80:
Impossible
Case #81:
c....
.....
....*
Case #82:
Impossible
Case #83:
*.c.*
*....
*...*
Case #84:
Impossible
Case #85:
**.**
.....
..c..
*...*
**.**
Case #86:
Impossible
Case #87:
*.c.
*...
*...
Case #88:
Impossible
Case #89:
**
..
c.
..
**
Case #90:
*****
*...*
..c.*
*...*
Case #91:
Impossible
Case #92:
**..
*..c
....
*...
**.*
Case #93:
**.**
*...*
..c..
*...*
Case #94:
Impossible
Case #95:
Impossible
Case #96:
Impossible
Case #97:
Impossible
Case #98:
Impossible
Case #99:
*.c.
....
*...
Case #100:
c...
....
....
....
Case #101:
c...*
Case #102:
Impossible
Case #103:
Impossible
Case #104:
*
.
c
.
*
Case #105:
*..**
*...*
..c..
*...*
Case #106:
**.*
*...
..c.
*...
Case #107:
Impossible
Case #108:
**.**
.....
.c...
....*
**.**
Case #109:
Impossible
Case #110:
c...
....
....
Case #111:
Impossible
Case #112:
c.
Case #113:
***
...
c..
...
*.*
Case #114:
Impossible
Case #115:
*.c.*
*...*
Case #116:
***
...
c..
...
Case #117:
*.c.
Case #118:
Impossible
Case #119:
*.c.
....
....
....
....
Case #120:
Impossible
Case #121:
Impossible
Case #122:
c...*
.....
.....
.....
*...*
Case #123:
Impossible
Case #124:
Impossible
Case #125:
Impossible
Case #126:
*.*
...
c..
...
*.*
Case #127:
*.c.*
.....
.....
.....
*...*
Case #128:
*.
..
c.
..
..
Case #129:
Impossible
Case #130:
c...*
.....
....*
Case #131:
*.c.
....
Case #132:
Impossible
Case #133:
Impossible
Case #134:
c...*
.....
.....
.....
....*
Case #135:
Impossible
Case #136:
Impossible
Case #137:
**.*
*...
..c.
*...
**.*
Case #138:
c
.
*
Case #139:
Impossible
Case #140:
**.**
*...*
..c..
*...*
**.**
Case #141:
c...*
.....
*...*
Case #142:
Impossible
Case #143:
Impossible
Case #144:
Impossible
Case #145:
Impossible
Case #146:
*.c..
.....
.....
.....
Case #147:
c..
...
Case #148:
Impossible
Case #149:
c....
.....
Case #150:
c..
...
...
Case #151:
Impossible
Case #152:
Impossible
Case #153:
**
..
c.
..
Case #154:
****
*...
*.c.
*...
****
Case #155:
c...
....
....
....
....
Case #156:
*.c
...
Case #157:
*.c.*
....*
.....
*...*
Case #158:
Impossible
Case #159:
Impossible
Case #160:
Impossible
Case #161:
Impossible
Case #162:
*.c.
....
....
Case #163:
c....
.....
.....
Case #164:
Impossible
Case #165:
c
.
.
.
.
Case #166:
c..
Case #167:
*****
*...*
..c..
*...*
Case #168:
c..
...
...
...
..*
Case #169:
Impossible
Case #170:
c.
..
..
Case #171:
Impossible
Case #172:
Impossible
Case #173:
*.c
...
...
...
Case #174:
Impossible
Case #175:
**.**
.....
.c...
....*
**..*
Case #176:
Impossible
Case #177:
Impossible
Case #178:
Impossible
Case #179:
Impossible
Case #180:
**.*
....
..c.
*...
Case #181:
Impossible
Case #182:
**..*
.....
.c...
....*
**..*
Case #183:
c.
..
Case #184:
*.c.*
*...*
.....
*...*
Case #185:
Impossible
Case #186:
Impossible
Case #187:
Impossible
Case #188:
**..
*..c
....
....
**.*
Case #189:
c
Case #190:
c
.
.
.
Case #191:
*.c.*
.....
Case #192:
Impossible
Case #193:
Impossible
Case #194:
c....
.....
.....
.....
Case #195:
*.c.
....
....
....
Case #196:
*.c..
.....
Case #197:
Impossible
Case #198:
Impossible
Case #199:
Impossible
Case #200:
**.**
*...*
*.c.*
*...*
**.**
Case #201:
Impossible
Case #202:
Impossible
Case #203:
*****
*..**
*...*
*.c.*
Case #204:
Impossible
Case #205:
Impossible
Case #206:
Impossible
Case #207:
Impossible
Case #208:
*..*
....
c...
....
Case #209:
Impossible
Case #210:
Impossible
Case #211:
Impossible
Case #212:
c
.
.
Case #213:
****
*...
..c.
*...
**.*
Case #214:
Impossible
Case #215:
c....
.....
.....
.....
....*
Case #216:
****
*...
*.c.
*...
Case #217:
c
.
Case #218:
c.*
Case #219:
Impossible
Case #220:
c
.
.
.
*
Case #221:
**.**
*....
..c..
*...*
**.**
Case #222:
Impossible
Case #223:
c.
..
..
..
..
Case #224:
c....
.....
.....
.....
.....
Case #225:
*.
..
c.
..
**
